0 info it worked if it ends with ok
1 verbose cli [ 'c:\\Program Files\\nodejs\\node.exe',
1 verbose cli   'c:\\Program Files\\nodejs\\node_modules\\npm\\bin\\npm-cli.js',
1 verbose cli   'install' ]
2 info using npm@1.3.14
3 info using node@v0.10.22
4 warn package.json homepage@0.0.0 No repository field.
5 verbose readDependencies using package.json deps
6 verbose install where, deps [ 'c:\\dev\\homepage',
6 verbose install   [ 'http-proxy',
6 verbose install     'grunt',
6 verbose install     'grunt-contrib-copy',
6 verbose install     'grunt-contrib-concat',
6 verbose install     'grunt-contrib-coffee',
6 verbose install     'grunt-contrib-uglify',
6 verbose install     'grunt-contrib-compass',
6 verbose install     'grunt-contrib-jshint',
6 verbose install     'grunt-contrib-cssmin',
6 verbose install     'grunt-contrib-connect',
6 verbose install     'grunt-contrib-clean',
6 verbose install     'grunt-contrib-htmlmin',
6 verbose install     'grunt-contrib-imagemin',
6 verbose install     'grunt-contrib-watch',
6 verbose install     'grunt-autoprefixer',
6 verbose install     'grunt-usemin',
6 verbose install     'grunt-svgmin',
6 verbose install     'grunt-rev',
6 verbose install     'grunt-open',
6 verbose install     'grunt-concurrent',
6 verbose install     'load-grunt-tasks',
6 verbose install     'connect-livereload',
6 verbose install     'grunt-google-cdn',
6 verbose install     'grunt-ngmin',
6 verbose install     'time-grunt',
6 verbose install     'karma-ng-scenario',
6 verbose install     'grunt-karma',
6 verbose install     'karma-script-launcher',
6 verbose install     'karma-firefox-launcher',
6 verbose install     'karma-chrome-launcher',
6 verbose install     'karma-html2js-preprocessor',
6 verbose install     'karma-jasmine',
6 verbose install     'karma-requirejs',
6 verbose install     'karma-coffee-preprocessor',
6 verbose install     'karma-phantomjs-launcher',
6 verbose install     'karma',
6 verbose install     'karma-ng-html2js-preprocessor',
6 verbose install     'grunt-ftp-deploy' ] ]
7 info preinstall homepage@0.0.0
8 verbose readDependencies using package.json deps
9 verbose already installed skipping http-proxy@~0.10.3 c:\dev\homepage
10 verbose already installed skipping grunt@~0.4.1 c:\dev\homepage
11 verbose already installed skipping grunt-contrib-copy@~0.4.1 c:\dev\homepage
12 verbose already installed skipping grunt-contrib-concat@~0.3.0 c:\dev\homepage
13 verbose already installed skipping grunt-contrib-coffee@~0.7.0 c:\dev\homepage
14 verbose already installed skipping grunt-contrib-uglify@~0.2.0 c:\dev\homepage
15 verbose already installed skipping grunt-contrib-compass@~0.5.0 c:\dev\homepage
16 verbose already installed skipping grunt-contrib-jshint@~0.6.0 c:\dev\homepage
17 verbose already installed skipping grunt-contrib-cssmin@~0.6.0 c:\dev\homepage
18 verbose already installed skipping grunt-svgmin@~0.2.0 c:\dev\homepage
19 verbose already installed skipping grunt-contrib-connect@~0.3.0 c:\dev\homepage
20 verbose already installed skipping grunt-rev@~0.1.0 c:\dev\homepage
21 verbose already installed skipping grunt-contrib-clean@~0.5.0 c:\dev\homepage
22 verbose already installed skipping grunt-open@~0.2.0 c:\dev\homepage
23 verbose already installed skipping grunt-contrib-htmlmin@~0.1.3 c:\dev\homepage
24 verbose already installed skipping grunt-concurrent@~0.3.0 c:\dev\homepage
25 verbose already installed skipping grunt-contrib-imagemin@~0.2.0 c:\dev\homepage
26 verbose already installed skipping load-grunt-tasks@~0.1.0 c:\dev\homepage
27 verbose already installed skipping grunt-contrib-watch@~0.5.2 c:\dev\homepage
28 verbose already installed skipping connect-livereload@~0.2.0 c:\dev\homepage
29 verbose already installed skipping grunt-autoprefixer@~0.2.0 c:\dev\homepage
30 verbose already installed skipping grunt-google-cdn@~0.2.0 c:\dev\homepage
31 verbose already installed skipping grunt-usemin@~0.1.11 c:\dev\homepage
32 verbose already installed skipping grunt-ngmin@~0.0.2 c:\dev\homepage
33 verbose already installed skipping time-grunt@~0.1.0 c:\dev\homepage
34 verbose already installed skipping karma-requirejs@~0.1.0 c:\dev\homepage
35 verbose already installed skipping karma-ng-scenario@~0.1.0 c:\dev\homepage
36 verbose already installed skipping karma-coffee-preprocessor@~0.1.0 c:\dev\homepage
37 verbose already installed skipping grunt-karma@~0.6.2 c:\dev\homepage
38 verbose already installed skipping karma-phantomjs-launcher@~0.1.0 c:\dev\homepage
39 verbose already installed skipping karma-script-launcher@~0.1.0 c:\dev\homepage
40 verbose already installed skipping karma@~0.10.2 c:\dev\homepage
41 verbose already installed skipping karma-firefox-launcher@~0.1.0 c:\dev\homepage
42 verbose already installed skipping karma-ng-html2js-preprocessor@~0.1.0 c:\dev\homepage
43 verbose already installed skipping karma-chrome-launcher@~0.1.0 c:\dev\homepage
44 verbose already installed skipping karma-html2js-preprocessor@~0.1.0 c:\dev\homepage
45 verbose already installed skipping karma-jasmine@~0.1.3 c:\dev\homepage
46 verbose already installed skipping grunt-ftp-deploy@0.0.10 c:\dev\homepage
47 silly resolved []
48 info build c:\dev\homepage
49 verbose linkStuff [ false, false, false, 'c:\\dev' ]
50 info linkStuff homepage@0.0.0
51 verbose linkBins homepage@0.0.0
52 verbose linkMans homepage@0.0.0
53 verbose rebuildBundles homepage@0.0.0
54 verbose rebuildBundles [ '.bin',
54 verbose rebuildBundles   'connect-livereload',
54 verbose rebuildBundles   'grunt',
54 verbose rebuildBundles   'grunt-autoprefixer',
54 verbose rebuildBundles   'grunt-concurrent',
54 verbose rebuildBundles   'grunt-contrib-clean',
54 verbose rebuildBundles   'grunt-contrib-coffee',
54 verbose rebuildBundles   'grunt-contrib-compass',
54 verbose rebuildBundles   'grunt-contrib-concat',
54 verbose rebuildBundles   'grunt-contrib-connect',
54 verbose rebuildBundles   'grunt-contrib-copy',
54 verbose rebuildBundles   'grunt-contrib-cssmin',
54 verbose rebuildBundles   'grunt-contrib-htmlmin',
54 verbose rebuildBundles   'grunt-contrib-imagemin',
54 verbose rebuildBundles   'grunt-contrib-jshint',
54 verbose rebuildBundles   'grunt-contrib-uglify',
54 verbose rebuildBundles   'grunt-contrib-watch',
54 verbose rebuildBundles   'grunt-ftp-deploy',
54 verbose rebuildBundles   'grunt-google-cdn',
54 verbose rebuildBundles   'grunt-karma',
54 verbose rebuildBundles   'grunt-ngmin',
54 verbose rebuildBundles   'grunt-open',
54 verbose rebuildBundles   'grunt-rev',
54 verbose rebuildBundles   'grunt-svgmin',
54 verbose rebuildBundles   'grunt-usemin',
54 verbose rebuildBundles   'http-proxy',
54 verbose rebuildBundles   'karma',
54 verbose rebuildBundles   'karma-chrome-launcher',
54 verbose rebuildBundles   'karma-coffee-preprocessor',
54 verbose rebuildBundles   'karma-firefox-launcher',
54 verbose rebuildBundles   'karma-html2js-preprocessor',
54 verbose rebuildBundles   'karma-jasmine',
54 verbose rebuildBundles   'karma-ng-html2js-preprocessor',
54 verbose rebuildBundles   'karma-ng-scenario',
54 verbose rebuildBundles   'karma-phantomjs-launcher',
54 verbose rebuildBundles   'karma-requirejs',
54 verbose rebuildBundles   'karma-script-launcher',
54 verbose rebuildBundles   'load-grunt-tasks',
54 verbose rebuildBundles   'time-grunt' ]
55 info install homepage@0.0.0
56 info postinstall homepage@0.0.0
57 info prepublish homepage@0.0.0
58 error peerinvalid The package karma-requirejs does not satisfy its siblings' peerDependencies requirements!
58 error peerinvalid Peer karma@0.10.10 wants karma-requirejs@~0.2.0
59 error System Windows_NT 6.2.9200
60 error command "c:\\Program Files\\nodejs\\node.exe" "c:\\Program Files\\nodejs\\node_modules\\npm\\bin\\npm-cli.js" "install"
61 error cwd c:\dev\homepage
62 error node -v v0.10.22
63 error npm -v 1.3.14
64 error code EPEERINVALID
65 verbose exit [ 1, true ]
